Running 4 test cases...
TestVariables.cpp(283): error in "TestVariables": check swString == "22.000000" failed
TestVariables.cpp(289): error in "TestVariables": check swString == "110.000000" failed
TestVariables.cpp(292): error in "TestVariables": check swString == "110.000000" failed
Value of variable is out of bounds.
Variable: a
Value:        1.0000000
Bounds:        0.0000000 to        0.5000000Value of variable is out of bounds.
Variable: b
Value: 2
Bounds: 0 to 1: 
     This is a message