Running 81 test cases...
TestPathClass.cpp(195): error in "Path_test::TestSetDirectory": check a.Get_full_path() == "d:\\sth" failed [z:\sth != d:\sth]
TestPathClass.cpp(205): error in "Path_test::TestSetDirectory": check b.Get_full_path() == "d:sth" failed [z:sth != d:sth]
TestPathClass.cpp(231): error in "Path_test::TestSetDirectory": check f.Get_full_path() == "d: \\sth" failed [z: \sth != d: \sth]