----------------------------------------------------- 
ApsimFile 
----------------------------------------------------- 
...........................................
Tests run: 43, Failures: 0, Not run: 0


 
 
----------------------------------------------------- 
ApsimShared 
----------------------------------------------------- 
ERRORS FOUND 
ERRORS FOUND 
 
 
----------------------------------------------------- 
ChangeTool 
----------------------------------------------------- 
.........
Tests run: 9, Failures: 0, Not run: 0


 
 
----------------------------------------------------- 
ComponentInterface2 
----------------------------------------------------- 
Running 4 test cases...
Value of variable is out of bounds.
Variable: a
Value:        1.0000000
Bounds:        0.0000000 to        0.5000000Value of variable is out of bounds.
Variable: b
Value: 2
Bounds: 0 to 1: 
     This is a message 
 
----------------------------------------------------- 
CSGeneral 
----------------------------------------------------- 
..............
Tests run: 14, Failures: 0, Not run: 0


 
 
----------------------------------------------------- 
DotNetComponentInterface 
----------------------------------------------------- 
............
Tests run: 12, Failures: 0, Not run: 0


 
 
----------------------------------------------------- 
General 
----------------------------------------------------- 
Running 82 test cases...
TestHttp.cpp(20): error in "testGetFile": check t.Get(filename, url) == true failed
TestHttp.cpp(26): error in "testGetText": check t.Get(url) == "This is a test\n" failed
TestHttp.cpp(35): error in "testGetError": check code == 404 failed
TestMathFunctions.cpp(33): error in "TestMultiplyAccumulate": difference{3.21557e-006%} between result{114.47999631881714} and (2.2*2.4+2.6*42.0){114.48} exceeds 9.9999999999999995e-007%
unknown location(0): fatal error in "TestStringContainerToDoubleContainer": Invalid parameter detected by C runtime library
TestMathFunctions.cpp(221): last checkpoint
unknown location(0): fatal error in "TestStringContainerToIntegerContainer": Invalid parameter detected by C runtime library
TestMathFunctions.cpp(255): last checkpoint
unknown location(0): fatal error in "TestReplaceAllChars": memory access violation occurred at address 0x00470430, while attempting to  write to an inaccessible (or protected) address
TestStringFunctions.cpp(469): last checkpoint
ERRORS FOUND 
 
 
----------------------------------------------------- 
Plant.NET 
----------------------------------------------------- 

Tests run: 0, Failures: 0, Not run: 0


 
 
----------------------------------------------------- 
ProcessDataTypes 
----------------------------------------------------- 
...
Tests run: 3, Failures: 0, Not run: 0


 
 